1518144697438:add 1 2
1518144750167:test1
1518144838030:help
1518144859404:stacktrace
1518144865610:exit
1518145081693:help
1518145089517:sum 1 1
1518145093639:test1
1518145096860:clear
1518145169869:help
1518145656955:echo 1 2
1518145671910:echo 1 2 5
1518145683365:echo --aaa 9 1 2
1518145759993:add2 1 2
1518145766562:1mstacktrace
1518145771835:stacktrace
1518145787412:help
1518145794681:add2 1 2 3
1518145815479:add --numbers 1 --numbers 2 --numbers 3.3
1518145824748:add2 --numbers 1 --numbers 2 --numbers 3.3
1518145863293:add2 --numbers 1 2 3.3
1518146428135:1
1518153853884:change-password hello
1518154399963:donwload
1518154407645:help
1518154414330:download
1518154426766:connect
1518154437537:connect 22 33
1518154442283:download
1518156165938:help
1518156179237:help add
1518156260005:help
1518156267740:bar
1518162367431:add 1 2
1518162798336:help
1518162814932:conversion-example lihao
